<?xml version="1.0" encoding="UTF-8"?>
<!-- Generated by org.testng.reporters.JUnitReportReporter -->
<testsuite hostname="Office-PC" failures="0" tests="1" name="com.project01.testcases.AddToCartSectionTest" time="25.740" errors="0" timestamp="2024-10-16T17:12:56 AST" skipped="0">
  <testcase classname="com.project01.testcases.AddToCartSectionTest" name="shouldAddToCart" time="25.740"/>
</testsuite> <!-- com.project01.testcases.AddToCartSectionTest -->
