<?xml version="1.0" encoding="UTF-8"?>
<!-- Generated by org.testng.reporters.JUnitReportReporter -->
<testsuite hostname="Office-PC" failures="0" tests="1" name="com.project01.testcases.PostalCheckTest" time="2.351" errors="0" timestamp="2024-10-16T21:37:35 AST" skipped="0">
  <testcase classname="com.project01.testcases.PostalCheckTest" name="isPostalWorking" time="2.351"/>
</testsuite> <!-- com.project01.testcases.PostalCheckTest -->
