<?xml version="1.0" encoding="UTF-8"?>
<!-- Generated by org.testng.reporters.JUnitReportReporter -->
<testsuite hostname="Office-PC" failures="0" tests="3" name="com.project01.testcases.LoginTest" time="103.281" errors="0" timestamp="2024-10-16T21:37:35 AST" skipped="0">
  <testcase classname="com.project01.testcases.LoginTest" name="isLoginPageWorking" time="46.343"/>
  <testcase classname="com.project01.testcases.LoginTest" name="shouldAddToCartBug" time="47.303"/>
  <testcase classname="com.project01.testcases.LoginTest" name="lockedMsg" time="9.635"/>
</testsuite> <!-- com.project01.testcases.LoginTest -->
